[Thu Jul  4 02:42:36.195 2013] 0.021 sec [ext2/1/ext 1626 (0,20)] [posti_core] Москва @sphinx_internal_class_name (Posti)
[Thu Jul  4 02:42:36.206 2013] 0.006 sec [ext2/1/ext 1626 (0,20)] [posti_core] Москва @sphinx_internal_class_name (Posti)
[Thu Jul  4 02:42:36.217 2013] 0.006 sec [ext2/1/ext 1626 (0,20)] [posti_core] Москва @sphinx_internal_class_name (Posti)
[Thu Jul  4 02:46:25.832 2013] 0.006 sec [ext2/1/ext 1626 (0,20)] [posti_core] Москва @sphinx_internal_class_name (Posti)
[Thu Jul  4 02:46:25.843 2013] 0.006 sec [ext2/1/ext 1626 (0,20)] [posti_core] Москва @sphinx_internal_class_name (Posti)
[Thu Jul  4 02:46:25.853 2013] 0.006 sec [ext2/1/ext 1626 (0,20)] [posti_core] Москва @sphinx_internal_class_name (Posti)
[Thu Jul  4 02:47:13.541 2013] 0.006 sec [ext2/1/ext 1626 (0,20)] [posti_core] Москва @sphinx_internal_class_name (Posti)
[Thu Jul  4 02:47:13.586 2013] 0.012 sec [ext2/1/ext 1626 (0,20)] [posti_core] Москва @sphinx_internal_class_name (Posti)
[Thu Jul  4 02:47:13.598 2013] 0.007 sec [ext2/1/ext 1626 (0,20)] [posti_core] Москва @sphinx_internal_class_name (Posti)
[Fri Jul  5 00:51:36.385 2013] 0.029 sec [ext2/1/ext 1 (0,20)] [posti_core] Moscow @sphinx_internal_class_name (Posti)
[Fri Jul  5 00:51:36.391 2013] 0.001 sec [ext2/1/ext 1 (0,20)] [posti_core] Moscow @sphinx_internal_class_name (Posti)
[Fri Jul  5 00:51:36.397 2013] 0.001 sec [ext2/1/ext 1 (0,20)] [posti_core] Moscow @sphinx_internal_class_name (Posti)
[Tue Jul  9 20:04:21.485 2013] 0.002 sec [ext2/1/ext 2 (0,20)] [posti_core] опочка @sphinx_internal_class_name (Posti)
[Tue Jul  9 20:08:52.052 2013] 0.007 sec [ext2/1/ext 1627 (0,20)] [posti_core] москва @sphinx_internal_class_name (Posti)
[Tue Jul  9 20:14:13.199 2013] 0.002 sec [ext2/1/ext 2 (0,20)] [posti_core] опочка @sphinx_internal_class_name (Posti)
[Tue Jul  9 23:29:43.385 2013] 0.096 sec [ext2/1/ext 24 (0,20)] [posti_core] псков @sphinx_internal_class_name (Posti)
[Tue Jul  9 23:30:03.457 2013] 0.004 sec [ext2/1/ext 24 (20,20)] [posti_core] псков @sphinx_internal_class_name (Posti)
[Tue Jul  9 23:30:16.934 2013] 0.005 sec [ext2/1/ext 24 (0,20)] [posti_core] псков @sphinx_internal_class_name (Posti)
[Tue Jul  9 23:30:21.710 2013] 0.004 sec [ext2/1/ext 24 (20,20)] [posti_core] псков @sphinx_internal_class_name (Posti)
[Tue Jul  9 23:33:41.756 2013] 0.004 sec [ext2/1/ext 24 (20,20)] [posti_core] псков @sphinx_internal_class_name (Posti)
[Tue Jul  9 23:33:58.481 2013] 0.004 sec [ext2/1/ext 24 (0,20)] [posti_core] псков @sphinx_internal_class_name (Posti)
[Wed Jul 10 21:25:04.266 2013] 0.020 sec [ext2/1/ext 0 (0,20)] [posti_core] Moscow @sphinx_internal_class_name (Posti)
[Wed Jul 10 21:32:43.795 2013] 0.001 sec [ext2/1/ext 0 (0,20)] [posti_core] Moscow @sphinx_internal_class_name (Posti)
[Wed Jul 10 21:33:16.498 2013] 0.001 sec [ext2/1/ext 0 (0,20)] [posti_core] Moscow @sphinx_internal_class_name (Posti)
[Wed Jul 10 21:36:19.514 2013] 0.001 sec [ext2/1/ext 0 (0,20)] [posti_core] Moscow @sphinx_internal_class_name (Posti)
[Wed Jul 10 21:37:05.432 2013] 0.004 sec [ext2/1/ext 2 (0,20)] [posti_core] Опочка @sphinx_internal_class_name (Posti)
[Wed Jul 10 21:37:57.475 2013] 0.002 sec [ext2/1/ext 2 (0,20)] [posti_core] Опочка @sphinx_internal_class_name (Posti)
[Wed Jul 10 21:38:09.483 2013] 0.014 sec [ext2/1/ext 24 (0,20)] [posti_core] Псков @sphinx_internal_class_name (Posti)
[Wed Jul 10 21:38:20.047 2013] 0.005 sec [ext2/1/ext 24 (20,20)] [posti_core] Псков @sphinx_internal_class_name (Posti)
[Wed Jul 10 21:38:27.943 2013] 0.002 sec [ext2/1/ext 2 (0,20)] [posti_core] Опочка @sphinx_internal_class_name (Posti)
[Wed Jul 10 21:38:37.221 2013] 0.020 sec [ext2/1/ext 1627 (0,20)] [posti_core] Москва @sphinx_internal_class_name (Posti)
[Wed Jul 10 22:14:55.281 2013] 0.005 sec [ext2/1/ext 24 (0,20)] [posti_core] Псков @sphinx_internal_class_name (Posti)
